2024-08-18 19:00:01 [main] INFO  k.l.t.TwitterToKafkaServiceApplication - Starting TwitterToKafkaServiceApplication using Java 21.0.2 with PID 17096 (/Users/luciorim/Desktop/springProjects/twitter-streaming-server/twitter-to-kafka-service/target/classes started by luciorim in /Users/luciorim/Desktop/springProjects/twitter-streaming-server)
2024-08-18 19:00:01 [main] INFO  k.l.t.TwitterToKafkaServiceApplication - No active profile set, falling back to 1 default profile: "default"
2024-08-18 19:00:01 [main] INFO  k.l.t.TwitterToKafkaServiceApplication - Started TwitterToKafkaServiceApplication in 0.367 seconds (process running for 0.94)
2024-08-18 19:00:01 [main] INFO  k.l.t.TwitterToKafkaServiceApplication - Application starts...
2024-08-18 19:00:01 [main] INFO  k.l.t.TwitterToKafkaServiceApplication - [Java, Microservices, Kafka, Elasticsearch]
2024-08-18 19:00:01 [Twitter Stream consumer /  [1][initializing]] INFO  twitter4j.TwitterStreamImpl - Establishing connection.
2024-08-18 19:00:01 [main] INFO  k.l.t.r.i.TwitterToKafkaStreamRunner - Started filtering twitter streams for keywords: [Java, Microservices, Kafka, Elasticsearch]
2024-08-18 19:00:02 [Twitter Stream consumer /  [1][Establishing connection]] INFO  twitter4j.TwitterStreamImpl - https://stream.twitter.com/1.1/statuses/filter.json
2024-08-18 19:00:02 [Twitter Stream consumer /  [1][Establishing connection]] INFO  twitter4j.TwitterStreamImpl - Waiting for 250 milliseconds
2024-08-18 19:00:02 [Twitter Stream consumer /  [1][Waiting for 250 milliseconds]] INFO  twitter4j.TwitterStreamImpl - Establishing connection.
2024-08-18 19:00:03 [Twitter Stream consumer /  [1][Establishing connection]] INFO  twitter4j.TwitterStreamImpl - https://stream.twitter.com/1.1/statuses/filter.json
2024-08-18 19:00:03 [Twitter Stream consumer /  [1][Establishing connection]] INFO  twitter4j.TwitterStreamImpl - Waiting for 500 milliseconds
2024-08-18 19:00:03 [Twitter Stream consumer /  [1][Waiting for 500 milliseconds]] INFO  twitter4j.TwitterStreamImpl - Establishing connection.
2024-08-18 19:00:04 [Twitter Stream consumer /  [1][Establishing connection]] INFO  twitter4j.TwitterStreamImpl - https://stream.twitter.com/1.1/statuses/filter.json
2024-08-18 19:00:04 [Twitter Stream consumer /  [1][Establishing connection]] INFO  twitter4j.TwitterStreamImpl - Waiting for 1000 milliseconds
2024-08-18 19:00:05 [Twitter Stream consumer /  [1][Waiting for 1000 milliseconds]] INFO  twitter4j.TwitterStreamImpl - Establishing connection.
2024-08-18 19:00:05 [Twitter Stream consumer /  [1][Establishing connection]] INFO  twitter4j.TwitterStreamImpl - https://stream.twitter.com/1.1/statuses/filter.json
2024-08-18 19:00:05 [Twitter Stream consumer /  [1][Establishing connection]] INFO  twitter4j.TwitterStreamImpl - Waiting for 2000 milliseconds
2024-08-18 19:00:07 [Twitter Stream consumer /  [1][Waiting for 2000 milliseconds]] INFO  twitter4j.TwitterStreamImpl - Establishing connection.
2024-08-18 19:00:08 [Twitter Stream consumer /  [1][Establishing connection]] INFO  twitter4j.TwitterStreamImpl - https://stream.twitter.com/1.1/statuses/filter.json
2024-08-18 19:00:08 [Twitter Stream consumer /  [1][Establishing connection]] INFO  twitter4j.TwitterStreamImpl - Waiting for 4000 milliseconds
2024-08-18 19:00:12 [Twitter Stream consumer /  [1][Waiting for 4000 milliseconds]] INFO  twitter4j.TwitterStreamImpl - Establishing connection.
2024-08-18 19:00:13 [Twitter Stream consumer /  [1][Establishing connection]] INFO  twitter4j.TwitterStreamImpl - https://stream.twitter.com/1.1/statuses/filter.json
2024-08-18 19:00:13 [Twitter Stream consumer /  [1][Establishing connection]] INFO  twitter4j.TwitterStreamImpl - Waiting for 8000 milliseconds
2024-08-18 19:00:21 [Twitter Stream consumer /  [1][Waiting for 8000 milliseconds]] INFO  twitter4j.TwitterStreamImpl - Establishing connection.
2024-08-18 19:00:21 [Twitter Stream consumer /  [1][Establishing connection]] INFO  twitter4j.TwitterStreamImpl - https://stream.twitter.com/1.1/statuses/filter.json
2024-08-18 19:00:21 [Twitter Stream consumer /  [1][Establishing connection]] INFO  twitter4j.TwitterStreamImpl - Waiting for 16000 milliseconds
2024-08-18 19:00:30 [SpringApplicationShutdownHook] INFO  k.l.t.r.i.TwitterToKafkaStreamRunner - Closing twitter stream
